<?xml version="1.0" encoding="UTF-8"?>
<coverage generated="1708913445639" clover="3.2.0">
  <project timestamp="1708913445640" name="All files">
    <metrics statements="21" coveredstatements="19" conditionals="17" coveredconditionals="17" methods="3" coveredmethods="3" elements="41" coveredelements="39" complexity="0" loc="21" ncloc="21" packages="1" files="1" classes="1"/>
    <file name="user.controller.js" path="/Users/choi/Library/CloudStorage/OneDrive-개인/Desktop/sparta/node/hugry-web/src/controllers/user.controller.js">
      <metrics statements="21" coveredstatements="19" conditionals="17" coveredconditionals="17" methods="3" coveredmethods="3"/>
      <line num="3" count="7" type="stmt"/>
      <line num="6" count="7" type="stmt"/>
      <line num="7" count="6" type="stmt"/>
      <line num="8" count="6" type="stmt"/>
      <line num="9" count="6" type="stmt"/>
      <line num="10" count="6" type="stmt"/>
      <line num="11" count="6" type="cond" truecount="9" falsecount="0"/>
      <line num="12" count="1" type="stmt"/>
      <line num="13" count="5" type="cond" truecount="2" falsecount="0"/>
      <line num="14" count="4" type="cond" truecount="2" falsecount="0"/>
      <line num="15" count="3" type="cond" truecount="2" falsecount="0"/>
      <line num="16" count="2" type="cond" truecount="2" falsecount="0"/>
      <line num="17" count="1" type="stmt"/>
      <line num="18" count="1" type="stmt"/>
      <line num="20" count="0" type="stmt"/>
      <line num="24" count="7" type="stmt"/>
      <line num="25" count="1" type="stmt"/>
      <line num="26" count="1" type="stmt"/>
      <line num="27" count="1" type="stmt"/>
      <line num="28" count="1" type="stmt"/>
      <line num="30" count="0" type="stmt"/>
    </file>
  </project>
</coverage>
