{"/Users/choi/Library/CloudStorage/OneDrive-개인/Desktop/sparta/node/hugry-web/src/repositories/user.repositiry.js": {"path":"/Users/choi/Library/CloudStorage/OneDrive-개인/Desktop/sparta/node/hugry-web/src/repositories/user.repositiry.js","statementMap":{"0":{"start":{"line":3,"column":4},"end":{"line":3,"column":25}},"1":{"start":{"line":5,"column":15},"end":{"line":26,"column":3}},"2":{"start":{"line":6,"column":24},"end":{"line":23,"column":6}},"3":{"start":{"line":25,"column":4},"end":{"line":25,"column":23}},"4":{"start":{"line":27,"column":14},"end":{"line":41,"column":3}},"5":{"start":{"line":28,"column":17},"end":{"line":39,"column":6}},"6":{"start":{"line":40,"column":4},"end":{"line":40,"column":16}},"7":{"start":{"line":43,"column":20},"end":{"line":48,"column":3}},"8":{"start":{"line":44,"column":24},"end":{"line":46,"column":8}},"9":{"start":{"line":47,"column":6},"end":{"line":47,"column":23}}},"fnMap":{"0":{"name":"(anonymous_0)","decl":{"start":{"line":2,"column":2},"end":{"line":2,"column":3}},"loc":{"start":{"line":2,"column":22},"end":{"line":4,"column":3}},"line":2},"1":{"name":"(anonymous_1)","decl":{"start":{"line":5,"column":15},"end":{"line":5,"column":16}},"loc":{"start":{"line":5,"column":68},"end":{"line":26,"column":3}},"line":5},"2":{"name":"(anonymous_2)","decl":{"start":{"line":27,"column":14},"end":{"line":27,"column":15}},"loc":{"start":{"line":27,"column":41},"end":{"line":41,"column":3}},"line":27},"3":{"name":"(anonymous_3)","decl":{"start":{"line":43,"column":20},"end":{"line":43,"column":21}},"loc":{"start":{"line":43,"column":37},"end":{"line":48,"column":3}},"line":43}},"branchMap":{},"s":{"0":1,"1":1,"2":1,"3":1,"4":1,"5":1,"6":1,"7":1,"8":0,"9":0},"f":{"0":1,"1":1,"2":1,"3":0},"b":{},"_coverageSchema":"1a1c01bbd47fc00a2c39e90264f33305004495a9","hash":"ad1e3f6fbb0b1c51527658a5db6d29d0db49e14e"}
}
