{"/Users/haon/Library/CloudStorage/OneDrive-개인/Desktop/sparta/node/hungry-web/src/services/user.service.js": {"path":"/Users/haon/Library/CloudStorage/OneDrive-개인/Desktop/sparta/node/hungry-web/src/services/user.service.js","statementMap":{"0":{"start":{"line":5,"column":4},"end":{"line":5,"column":39}},"1":{"start":{"line":7,"column":15},"end":{"line":20,"column":3}},"2":{"start":{"line":8,"column":17},"end":{"line":8,"column":64}},"3":{"start":{"line":9,"column":4},"end":{"line":9,"column":51}},"4":{"start":{"line":9,"column":14},"end":{"line":9,"column":51}},"5":{"start":{"line":10,"column":27},"end":{"line":10,"column":58}},"6":{"start":{"line":11,"column":24},"end":{"line":11,"column":108}},"7":{"start":{"line":12,"column":4},"end":{"line":19,"column":6}},"8":{"start":{"line":21,"column":14},"end":{"line":38,"column":3}},"9":{"start":{"line":22,"column":25},"end":{"line":22,"column":76}},"10":{"start":{"line":23,"column":4},"end":{"line":24,"column":48}},"11":{"start":{"line":24,"column":6},"end":{"line":24,"column":48}},"12":{"start":{"line":26,"column":24},"end":{"line":28,"column":6}},"13":{"start":{"line":29,"column":25},"end":{"line":31,"column":6}},"14":{"start":{"line":32,"column":4},"end":{"line":37,"column":6}}},"fnMap":{"0":{"name":"(anonymous_0)","decl":{"start":{"line":4,"column":2},"end":{"line":4,"column":3}},"loc":{"start":{"line":4,"column":29},"end":{"line":6,"column":3}},"line":4},"1":{"name":"(anonymous_1)","decl":{"start":{"line":7,"column":15},"end":{"line":7,"column":16}},"loc":{"start":{"line":7,"column":85},"end":{"line":20,"column":3}},"line":7},"2":{"name":"(anonymous_2)","decl":{"start":{"line":21,"column":14},"end":{"line":21,"column":15}},"loc":{"start":{"line":21,"column":41},"end":{"line":38,"column":3}},"line":21}},"branchMap":{"0":{"loc":{"start":{"line":9,"column":4},"end":{"line":9,"column":51}},"type":"if","locations":[{"start":{"line":9,"column":4},"end":{"line":9,"column":51}},{"start":{},"end":{}}],"line":9},"1":{"loc":{"start":{"line":23,"column":4},"end":{"line":24,"column":48}},"type":"if","locations":[{"start":{"line":23,"column":4},"end":{"line":24,"column":48}},{"start":{},"end":{}}],"line":23},"2":{"loc":{"start":{"line":23,"column":8},"end":{"line":23,"column":96}},"type":"binary-expr","locations":[{"start":{"line":23,"column":8},"end":{"line":23,"column":36}},{"start":{"line":23,"column":40},"end":{"line":23,"column":96}}],"line":23}},"s":{"0":1,"1":1,"2":2,"3":2,"4":1,"5":1,"6":1,"7":1,"8":1,"9":2,"10":2,"11":1,"12":1,"13":1,"14":1},"f":{"0":1,"1":2,"2":2},"b":{"0":[1,1],"1":[1,1],"2":[2,1]},"_coverageSchema":"1a1c01bbd47fc00a2c39e90264f33305004495a9","hash":"e1e8603a0a1bbb6dea2afcbc99e5f7db943824cb"}
}
