TN:
SF:src/controllers/user.controller.js
FN:2,(anonymous_0)
FN:6,(anonymous_1)
FN:24,(anonymous_2)
FNF:3
FNH:3
FNDA:7,(anonymous_0)
FNDA:6,(anonymous_1)
FNDA:1,(anonymous_2)
DA:3,7
DA:6,7
DA:7,6
DA:8,6
DA:9,6
DA:10,6
DA:11,6
DA:12,1
DA:13,5
DA:14,4
DA:15,3
DA:16,2
DA:17,1
DA:18,1
DA:20,0
DA:24,7
DA:25,1
DA:26,1
DA:27,1
DA:28,1
DA:30,0
LF:21
LH:19
BRDA:11,0,0,1
BRDA:11,0,1,5
BRDA:11,1,0,6
BRDA:11,1,1,5
BRDA:11,1,2,5
BRDA:11,1,3,5
BRDA:11,1,4,5
BRDA:11,1,5,5
BRDA:11,1,6,5
BRDA:13,2,0,1
BRDA:13,2,1,4
BRDA:14,3,0,1
BRDA:14,3,1,3
BRDA:15,4,0,1
BRDA:15,4,1,2
BRDA:16,5,0,1
BRDA:16,5,1,1
BRF:17
BRH:17
end_of_record
