TN:
SF:src\controllers\main.controller.js
FN:2,(anonymous_0)
FN:7,(anonymous_1)
FN:17,(anonymous_2)
FNF:3
FNH:3
FNDA:1,(anonymous_0)
FNDA:1,(anonymous_1)
FNDA:1,(anonymous_2)
DA:3,1
DA:7,1
DA:8,1
DA:9,1
DA:12,0
DA:17,1
DA:18,1
DA:19,1
DA:22,0
LF:9
LH:7
BRF:0
BRH:0
end_of_record
TN:
SF:src\controllers\menus.controller.js
FN:2,(anonymous_0)
FN:7,(anonymous_1)
FN:23,(anonymous_2)
FN:34,(anonymous_3)
FN:50,(anonymous_4)
FNF:5
FNH:5
FNDA:1,(anonymous_0)
FNDA:2,(anonymous_1)
FNDA:1,(anonymous_2)
FNDA:2,(anonymous_3)
FNDA:1,(anonymous_4)
DA:3,1
DA:7,1
DA:8,2
DA:9,2
DA:10,2
DA:12,2
DA:14,1
DA:16,1
DA:18,1
DA:23,1
DA:24,1
DA:25,1
DA:27,1
DA:29,0
DA:34,1
DA:35,2
DA:36,2
DA:37,2
DA:39,2
DA:41,1
DA:43,1
DA:45,1
DA:50,1
DA:51,1
DA:52,1
DA:54,1
DA:56,1
DA:58,0
LF:28
LH:26
BRDA:12,0,0,1
BRDA:12,0,1,1
BRDA:12,1,0,2
BRDA:12,1,1,2
BRDA:12,1,2,2
BRDA:12,1,3,1
BRDA:39,2,0,1
BRDA:39,2,1,1
BRDA:39,3,0,2
BRDA:39,3,1,2
BRDA:39,3,2,2
BRDA:39,3,3,1
BRF:12
BRH:12
end_of_record
TN:
SF:src\controllers\review.controller.js
FN:2,(anonymous_0)
FN:7,(anonymous_1)
FN:27,(anonymous_2)
FN:37,(anonymous_3)
FN:57,(anonymous_4)
FN:71,(anonymous_5)
FNF:6
FNH:6
FNDA:1,(anonymous_0)
FNDA:1,(anonymous_1)
FNDA:1,(anonymous_2)
FNDA:1,(anonymous_3)
FNDA:1,(anonymous_4)
FNDA:1,(anonymous_5)
DA:3,1
DA:7,1
DA:8,1
DA:10,1
DA:11,1
DA:22,0
DA:27,1
DA:28,1
DA:29,1
DA:33,0
DA:37,1
DA:38,1
DA:40,1
DA:41,1
DA:53,0
DA:57,1
DA:58,1
DA:59,1
DA:66,0
DA:71,1
DA:72,1
DA:73,1
DA:77,0
LF:23
LH:18
BRF:0
BRH:0
end_of_record
TN:
SF:src\controllers\stores.controller.js
FN:2,(anonymous_0)
FN:7,(anonymous_1)
FN:25,(anonymous_2)
FN:36,(anonymous_3)
FN:53,(anonymous_4)
FNF:5
FNH:5
FNDA:1,(anonymous_0)
FNDA:2,(anonymous_1)
FNDA:1,(anonymous_2)
FNDA:2,(anonymous_3)
FNDA:1,(anonymous_4)
DA:3,1
DA:7,1
DA:8,2
DA:9,2
DA:10,2
DA:12,2
DA:13,1
DA:16,1
DA:18,1
DA:20,1
DA:25,1
DA:26,1
DA:27,1
DA:29,1
DA:31,0
DA:36,1
DA:37,2
DA:38,2
DA:39,2
DA:40,2
DA:42,2
DA:44,1
DA:46,1
DA:48,1
DA:53,1
DA:54,1
DA:55,1
DA:56,1
DA:58,1
DA:60,1
DA:62,0
LF:31
LH:29
BRDA:12,0,0,1
BRDA:12,0,1,1
BRDA:12,1,0,2
BRDA:12,1,1,2
BRDA:12,1,2,2
BRDA:12,1,3,1
BRDA:42,2,0,1
BRDA:42,2,1,1
BRDA:42,3,0,2
BRDA:42,3,1,2
BRDA:42,3,2,2
BRDA:42,3,3,1
BRF:12
BRH:12
end_of_record
TN:
SF:src\controllers\user.controller.js
FN:2,(anonymous_0)
FN:6,(anonymous_1)
FN:24,(anonymous_2)
FNF:3
FNH:3
FNDA:7,(anonymous_0)
FNDA:6,(anonymous_1)
FNDA:1,(anonymous_2)
DA:3,7
DA:6,7
DA:7,6
DA:8,6
DA:9,6
DA:10,6
DA:11,6
DA:12,1
DA:13,5
DA:14,4
DA:15,3
DA:16,2
DA:17,1
DA:18,1
DA:20,0
DA:24,7
DA:25,1
DA:26,1
DA:27,1
DA:28,1
DA:30,0
LF:21
LH:19
BRDA:11,0,0,1
BRDA:11,0,1,5
BRDA:11,1,0,6
BRDA:11,1,1,5
BRDA:11,1,2,5
BRDA:11,1,3,5
BRDA:11,1,4,5
BRDA:11,1,5,5
BRDA:11,1,6,5
BRDA:13,2,0,1
BRDA:13,2,1,4
BRDA:14,3,0,1
BRDA:14,3,1,3
BRDA:15,4,0,1
BRDA:15,4,1,2
BRDA:16,5,0,1
BRDA:16,5,1,1
BRF:17
BRH:17
end_of_record
TN:
SF:src\repositories\main.repository.js
FN:2,(anonymous_0)
FN:6,(anonymous_1)
FN:21,(anonymous_2)
FN:22,(anonymous_3)
FN:23,(anonymous_4)
FN:38,(anonymous_5)
FNF:6
FNH:6
FNDA:1,(anonymous_0)
FNDA:1,(anonymous_1)
FNDA:1,(anonymous_2)
FNDA:2,(anonymous_3)
FNDA:2,(anonymous_4)
FNDA:1,(anonymous_5)
DA:3,1
DA:6,1
DA:7,1
DA:21,1
DA:22,2
DA:23,2
DA:24,1
DA:26,1
DA:34,1
DA:38,1
DA:39,1
DA:63,1
LF:12
LH:12
BRDA:24,0,0,1
BRDA:24,0,1,0
BRF:2
BRH:1
end_of_record
TN:
SF:src\repositories\menus.repository.js
FN:2,(anonymous_0)
FN:6,(anonymous_1)
FN:20,(anonymous_2)
FN:26,(anonymous_3)
FN:34,(anonymous_4)
FN:42,(anonymous_5)
FN:56,(anonymous_6)
FNF:7
FNH:7
FNDA:1,(anonymous_0)
FNDA:1,(anonymous_1)
FNDA:1,(anonymous_2)
FNDA:1,(anonymous_3)
FNDA:1,(anonymous_4)
FNDA:1,(anonymous_5)
FNDA:1,(anonymous_6)
DA:3,1
DA:6,1
DA:7,1
DA:17,1
DA:20,1
DA:21,1
DA:23,1
DA:26,1
DA:27,1
DA:31,1
DA:34,1
DA:35,1
DA:39,1
DA:42,1
DA:43,1
DA:53,1
DA:56,1
DA:57,1
DA:61,1
LF:19
LH:19
BRF:0
BRH:0
end_of_record
TN:
SF:src\repositories\orders.repository.js
FN:2,(anonymous_0)
FN:6,(anonymous_1)
FN:9,(anonymous_2)
FN:15,(anonymous_3)
FN:28,(anonymous_4)
FNF:5
FNH:5
FNDA:2,(anonymous_0)
FNDA:2,(anonymous_1)
FNDA:4,(anonymous_2)
FNDA:4,(anonymous_3)
FNDA:1,(anonymous_4)
DA:3,2
DA:6,2
DA:7,2
DA:8,2
DA:9,2
DA:10,4
DA:13,2
DA:15,4
DA:24,2
DA:28,1
DA:29,1
DA:37,1
DA:38,2
DA:47,2
DA:50,1
DA:58,1
LF:16
LH:16
BRDA:24,0,0,1
BRDA:24,0,1,1
BRF:2
BRH:2
end_of_record
TN:
SF:src\repositories\review.repository.js
FN:2,(anonymous_0)
FN:6,(anonymous_1)
FN:21,(anonymous_2)
FN:41,(anonymous_3)
FN:57,(anonymous_4)
FN:69,(anonymous_5)
FNF:6
FNH:6
FNDA:1,(anonymous_0)
FNDA:1,(anonymous_1)
FNDA:1,(anonymous_2)
FNDA:1,(anonymous_3)
FNDA:1,(anonymous_4)
FNDA:1,(anonymous_5)
DA:3,1
DA:6,1
DA:10,1
DA:18,1
DA:21,1
DA:23,1
DA:38,1
DA:41,1
DA:45,1
DA:54,1
DA:57,1
DA:61,1
DA:66,1
DA:69,1
DA:70,1
DA:85,1
LF:16
LH:16
BRF:0
BRH:0
end_of_record
TN:
SF:src\repositories\stores.repository.js
FN:2,(anonymous_0)
FN:6,(anonymous_1)
FN:20,(anonymous_2)
FN:26,(anonymous_3)
FN:34,(anonymous_4)
FN:48,(anonymous_5)
FNF:6
FNH:6
FNDA:1,(anonymous_0)
FNDA:1,(anonymous_1)
FNDA:1,(anonymous_2)
FNDA:1,(anonymous_3)
FNDA:1,(anonymous_4)
FNDA:1,(anonymous_5)
DA:3,1
DA:6,1
DA:7,1
DA:17,1
DA:20,1
DA:21,1
DA:23,1
DA:26,1
DA:27,1
DA:31,1
DA:34,1
DA:35,1
DA:45,1
DA:48,1
DA:49,1
DA:53,1
LF:16
LH:16
BRF:0
BRH:0
end_of_record
TN:
SF:src\repositories\user.repositiry.js
FN:2,(anonymous_0)
FN:5,(anonymous_1)
FN:27,(anonymous_2)
FN:43,(anonymous_3)
FNF:4
FNH:4
FNDA:1,(anonymous_0)
FNDA:1,(anonymous_1)
FNDA:1,(anonymous_2)
FNDA:1,(anonymous_3)
DA:3,1
DA:5,1
DA:6,1
DA:25,1
DA:27,1
DA:28,1
DA:40,1
DA:43,1
DA:44,1
DA:47,1
DA:48,1
LF:11
LH:11
BRF:0
BRH:0
end_of_record
TN:
SF:src\services\main.service.js
FN:2,(anonymous_0)
FN:6,(anonymous_1)
FN:10,(anonymous_2)
FNF:3
FNH:3
FNDA:1,(anonymous_0)
FNDA:1,(anonymous_1)
FNDA:1,(anonymous_2)
DA:3,1
DA:6,1
DA:7,1
DA:10,1
DA:11,1
LF:5
LH:5
BRF:0
BRH:0
end_of_record
TN:
SF:src\services\menus.service.js
FN:2,(anonymous_0)
FN:6,(anonymous_1)
FN:15,(anonymous_2)
FN:21,(anonymous_3)
FN:33,(anonymous_4)
FNF:5
FNH:5
FNDA:1,(anonymous_0)
FNDA:2,(anonymous_1)
FNDA:1,(anonymous_2)
FNDA:3,(anonymous_3)
FNDA:2,(anonymous_4)
DA:3,1
DA:6,1
DA:7,2
DA:8,2
DA:10,1
DA:12,1
DA:15,1
DA:16,1
DA:18,1
DA:21,1
DA:22,3
DA:23,3
DA:25,2
DA:26,2
DA:28,1
DA:30,1
DA:33,1
DA:34,2
DA:35,2
DA:37,1
DA:39,1
LF:21
LH:21
BRDA:8,0,0,1
BRDA:8,0,1,1
BRDA:23,1,0,1
BRDA:23,1,1,2
BRDA:26,2,0,1
BRDA:26,2,1,1
BRDA:35,3,0,1
BRDA:35,3,1,1
BRF:8
BRH:8
end_of_record
TN:
SF:src\services\review.service.js
FN:2,(anonymous_0)
FN:6,(anonymous_1)
FN:10,(anonymous_2)
FN:14,(anonymous_3)
FN:21,(anonymous_4)
FN:28,(anonymous_5)
FNF:6
FNH:6
FNDA:1,(anonymous_0)
FNDA:1,(anonymous_1)
FNDA:1,(anonymous_2)
FNDA:1,(anonymous_3)
FNDA:1,(anonymous_4)
FNDA:1,(anonymous_5)
DA:3,1
DA:6,1
DA:7,1
DA:10,1
DA:11,1
DA:14,1
DA:15,1
DA:17,1
DA:18,1
DA:21,1
DA:22,1
DA:24,1
DA:25,1
DA:28,1
DA:29,1
LF:15
LH:15
BRDA:17,0,0,0
BRDA:17,0,1,1
BRDA:24,1,0,0
BRDA:24,1,1,1
BRF:4
BRH:2
end_of_record
TN:
SF:src\services\stores.service.js
FN:2,(anonymous_0)
FN:6,(anonymous_1)
FN:13,(anonymous_2)
FN:20,(anonymous_3)
FN:29,(anonymous_4)
FNF:5
FNH:5
FNDA:1,(anonymous_0)
FNDA:1,(anonymous_1)
FNDA:1,(anonymous_2)
FNDA:2,(anonymous_3)
FNDA:2,(anonymous_4)
DA:3,1
DA:6,1
DA:7,1
DA:9,1
DA:13,1
DA:14,1
DA:16,1
DA:20,1
DA:21,2
DA:22,2
DA:24,1
DA:25,1
DA:29,1
DA:30,2
DA:31,2
DA:33,1
DA:34,1
LF:17
LH:17
BRDA:22,0,0,1
BRDA:22,0,1,1
BRDA:31,1,0,1
BRDA:31,1,1,1
BRF:4
BRH:4
end_of_record
TN:
SF:src\services\user.service.js
FN:4,(anonymous_0)
FN:7,(anonymous_1)
FN:21,(anonymous_2)
FNF:3
FNH:2
FNDA:1,(anonymous_0)
FNDA:1,(anonymous_1)
FNDA:0,(anonymous_2)
DA:5,1
DA:7,1
DA:8,1
DA:9,1
DA:10,1
DA:11,1
DA:12,1
DA:21,1
DA:22,0
DA:23,0
DA:24,0
DA:26,0
DA:29,0
DA:32,0
LF:14
LH:8
BRDA:9,0,0,0
BRDA:9,0,1,1
BRDA:23,1,0,0
BRDA:23,1,1,0
BRDA:23,2,0,0
BRDA:23,2,1,0
BRF:6
BRH:1
end_of_record
